C51 COMPILER V9.60.7.0   LCD1602                                                           06/15/2025 09:32:44 PAGE 1   


C51 COMPILER V9.60.7.0, COMPILATION OF MODULE LCD1602
OBJECT MODULE PLACED IN .\Objects\lcd1602.obj
COMPILER INVOKED BY: D:\ProgramData\keil_v5\C51\BIN\C51.EXE lcd1602.c OPTIMIZE(8,SPEED) BROWSE DEBUG OBJECTEXTEND PRINT(
                    -.\Listings\lcd1602.lst) TABS(2) OBJECT(.\Objects\lcd1602.obj)

line level    source

   1          #include "lcd1602.h"
   2          
   3          
   4          /*******************************************************************************
   5          * 函 数 名       : lcd1602_write_cmd
   6          * 函数功能     : LCD1602写命令
   7          * 输    入       : cmd：指令
   8          * 输    出       : 无
   9          *******************************************************************************/
  10          #if (LCD1602_4OR8_DATA_INTERFACE==0)//8位LCD
  11          void lcd1602_write_cmd(u8 cmd)
  12          {
  13   1        LCD1602_RS=0;//选择命令
  14   1        LCD1602_RW=0;//选择写
  15   1        LCD1602_E=0;
  16   1        LCD1602_DATAPORT=cmd;//准备命令
  17   1        delay_ms(1);
  18   1        LCD1602_E=1;//使能脚E先上升沿写入
  19   1        delay_ms(1);
  20   1        LCD1602_E=0;//使能脚E后负跳变完成写入 
  21   1      }
  22          #else //4位LCD
              void lcd1602_write_cmd(u8 cmd)
              {
                LCD1602_RS=0;//选择命令
                LCD1602_RW=0;//选择写
                LCD1602_E=0;
                LCD1602_DATAPORT=cmd;//准备命令
                delay_ms(1);
                LCD1602_E=1;//使能脚E先上升沿写入
                delay_ms(1);
                LCD1602_E=0;//使能脚E后负跳变完成写入
                
                LCD1602_DATAPORT=cmd<<4;//准备命令
                delay_ms(1);
                LCD1602_E=1;//使能脚E先上升沿写入
                delay_ms(1);
                LCD1602_E=0;//使能脚E后负跳变完成写入 
              }
              #endif
  41          
  42          /*******************************************************************************
  43          * 函 数 名       : lcd1602_write_data
  44          * 函数功能     : LCD1602写数据
  45          * 输    入       : dat：数据
  46          * 输    出       : 无
  47          *******************************************************************************/
  48          #if (LCD1602_4OR8_DATA_INTERFACE==0)//8位LCD
  49          void lcd1602_write_data(u8 dat) 
  50          {
  51   1        LCD1602_RS=1;//选择数据
  52   1        LCD1602_RW=0;//选择写
  53   1        LCD1602_E=0;
  54   1        LCD1602_DATAPORT=dat;//准备数据
C51 COMPILER V9.60.7.0   LCD1602                                                           06/15/2025 09:32:44 PAGE 2   

  55   1        delay_ms(1);
  56   1        LCD1602_E=1;//使能脚E先上升沿写入
  57   1        delay_ms(1);
  58   1        LCD1602_E=0;//使能脚E后负跳变完成写入   
  59   1      }
  60          #else
              void lcd1602_write_data(u8 dat) 
              {
                LCD1602_RS=1;//选择数据
                LCD1602_RW=0;//选择写
                LCD1602_E=0;
                LCD1602_DATAPORT=dat;//准备数据
                delay_ms(1);
                LCD1602_E=1;//使能脚E先上升沿写入
                delay_ms(1);
                LCD1602_E=0;//使能脚E后负跳变完成写入
                
                LCD1602_DATAPORT=dat<<4;//准备数据
                delay_ms(1);
                LCD1602_E=1;//使能脚E先上升沿写入
                delay_ms(1);
                LCD1602_E=0;//使能脚E后负跳变完成写入   
              }
              #endif
  79          
  80          /*******************************************************************************
  81          * 函 数 名       : lcd1602_init
  82          * 函数功能     : LCD1602初始化
  83          * 输    入       : 无
  84          * 输    出       : 无
  85          *******************************************************************************/
  86          #if (LCD1602_4OR8_DATA_INTERFACE==0)//8位LCD
  87          void lcd1602_init(void)
  88          {
  89   1        lcd1602_write_cmd(0x38);//数据总线8位，显示2行，5*7点阵/字符
  90   1        lcd1602_write_cmd(0x0c);//显示功能开，无光标，光标闪烁
  91   1        lcd1602_write_cmd(0x06);//写入新数据后光标右移，显示屏不移动
  92   1        lcd1602_write_cmd(0x01);//清屏  
  93   1      }
  94          #else
              void lcd1602_init(void)
              {
                lcd1602_write_cmd(0x28);//数据总线4位，显示2行，5*7点阵/字符
                lcd1602_write_cmd(0x0c);//显示功能开，无光标，光标闪烁
                lcd1602_write_cmd(0x06);//写入新数据后光标右移，显示屏不移动
                lcd1602_write_cmd(0x01);//清屏  
              }
              #endif
 103          
 104          /*******************************************************************************
 105          * 函 数 名       : lcd1602_clear
 106          * 函数功能     : LCD1602清屏
 107          * 输    入       : 无
 108          * 输    出       : 无
 109          *******************************************************************************/
 110          void lcd1602_clear(void)
 111          {
 112   1        lcd1602_write_cmd(0x01);  
 113   1      }
 114          
 115          /*******************************************************************************
 116          * 函 数 名       : lcd1602_show_string
C51 COMPILER V9.60.7.0   LCD1602                                                           06/15/2025 09:32:44 PAGE 3   

 117          * 函数功能     : LCD1602显示字符
 118          * 输    入       : x,y：显示坐标，x=0~15，y=0~1;
 119                     str：显示字符串
 120          * 输    出       : 无
 121          *******************************************************************************/
 122          void lcd1602_show_string(u8 x,u8 y,u8 *str)
 123          {
 124   1        u8 i=0;
 125   1      
 126   1        if(y>1||x>15)return;//行列参数不对则强制退出
 127   1      
 128   1        if(y<1) //第1行显示
 129   1        { 
 130   2          while(*str!='\0')//字符串是以'\0'结尾，只要前面有内容就显示
 131   2          {
 132   3            if(i<16-x)//如果字符长度超过第一行显示范围，则在第二行继续显示
 133   3            {
 134   4              lcd1602_write_cmd(0x80+i+x);//第一行显示地址设置  
 135   4            }
 136   3            else
 137   3            {
 138   4              lcd1602_write_cmd(0x40+0x80+i+x-16);//第二行显示地址设置  
 139   4            }
 140   3            lcd1602_write_data(*str);//显示内容
 141   3            str++;//指针递增
 142   3            i++;  
 143   3          } 
 144   2        }
 145   1        else  //第2行显示
 146   1        {
 147   2          while(*str!='\0')
 148   2          {
 149   3            if(i<16-x) //如果字符长度超过第二行显示范围，则在第一行继续显示
 150   3            {
 151   4              lcd1602_write_cmd(0x80+0x40+i+x); 
 152   4            }
 153   3            else
 154   3            {
 155   4              lcd1602_write_cmd(0x80+i+x-16); 
 156   4            }
 157   3            lcd1602_write_data(*str);
 158   3            str++;
 159   3            i++;  
 160   3          } 
 161   2        }       
 162   1      }
 163          
 164          /*int LCD_Pow(unsigned char x,unsigned char y)
 165          {
 166            unsigned char i = 0;
 167            int result = 1;
 168            
 169            for(i=0;i<y;i++)
 170            {
 171              result *= x;
 172            }
 173            
 174            return result;
 175          }*/
 176          
 177          /*LCD1602数字显示*/
 178          /*void LCD_ShowNum(unsigned char x,unsigned char y,unsigned int Num,unsigned int Length)
C51 COMPILER V9.60.7.0   LCD1602                                                           06/15/2025 09:32:44 PAGE 4   

 179          {
 180            unsigned char i = 0;
 181            
 182            if(y<1) //第1行显示
 183            { 
 184              
 185                if(i<16-x)//如果字符长度超过第一行显示范围，则在第二行继续显示
 186                {
 187                  lcd1602_write_cmd(0x80+i+x);//第一行显示地址设置  
 188                }
 189                else
 190                {
 191                  lcd1602_write_cmd(0x40+0x80+i+x-16);//第二行显示地址设置  
 192                }
 193                for(i=Length;i>0;i--)
 194            {
 195              lcd1602_write_data('0'+Num/LCD_Pow(10,i-1)%10); //'0' 从0开始
 196            } 
 197              
 198            }
 199            else  //第2行显示
 200            {
 201              
 202                if(i<16-x) //如果字符长度超过第二行显示范围，则在第一行继续显示
 203                {
 204                  lcd1602_write_cmd(0x80+0x40+i+x); 
 205                }
 206                else
 207                {
 208                  lcd1602_write_cmd(0x80+i+x-16); 
 209                }
 210                for(i=Length;i>0;i--)
 211            {
 212              lcd1602_write_data('0'+Num/LCD_Pow(10,i-1)%10); //'0' 从0开始
 213            }
 214              
 215            }     
 216            
 217            
 218          }*/
 219          
 220          //第一行的清除函数
 221          /*void LCD1602_Clear_1LINE()
 222          {
 223            u16 i=0;
 224            lcd1602_write_cmd(0x80);
 225            for(i=0;i<16;i++)
 226            {
 227            
 228              lcd1602_write_data(0x20);  //无显示
 229            }
 230          
 231          }*/
 232          
 233          //第二行的清除函数
 234          void LCD1602_Clear_2LINE()
 235          {
 236   1        u16 i=0;
 237   1        lcd1602_write_cmd(0x80+0x40);
 238   1        for(i=0;i<16;i++)
 239   1        {
 240   2        
C51 COMPILER V9.60.7.0   LCD1602                                                           06/15/2025 09:32:44 PAGE 5   

 241   2          lcd1602_write_data(0x20);  //无显示
 242   2        }
 243   1      
 244   1      }
 245          
 246          


MODULE INFORMATION:   STATIC OVERLAYABLE
   CODE SIZE        =    274    ----
   CONSTANT SIZE    =   ----    ----
   XDATA SIZE       =   ----    ----
   PDATA SIZE       =   ----    ----
   DATA SIZE        =   ----       7
   IDATA SIZE       =   ----    ----
   BIT SIZE         =   ----    ----
END OF MODULE INFORMATION.


C51 COMPILATION COMPLETE.  0 WARNING(S),  0 ERROR(S)
