C51 COMPILER V9.60.7.0   MAIN                                                              06/15/2025 09:32:44 PAGE 1   


C51 COMPILER V9.60.7.0, COMPILATION OF MODULE MAIN
OBJECT MODULE PLACED IN .\Objects\main.obj
COMPILER INVOKED BY: D:\ProgramData\keil_v5\C51\BIN\C51.EXE main.c OPTIMIZE(8,SPEED) BROWSE DEBUG OBJECTEXTEND PRINT(.\L
                    -istings\main.lst) TABS(2) OBJECT(.\Objects\main.obj)

line level    source

   1          #include "lcd1602.h"
   2          #include "public.h"
   3          #include <intrins.h>
   4          #include "Ultrasonic.h"
   5          #include <stdio.h>
   6          #include "standaloneKey.h"
   7          
   8          /*相关变量声明*/
   9          u8 i;
  10          float dis;  //用于超声波存储测量值
  11          u8 distan[8];
  12          float low=0.50,high=3.00; //设定水位阈值
  13          u8 lower[8],higher[8];
  14          sbit motor=P2^4; //定义电机管脚，仿真中用继电器代替
  15          sbit mode=P1^7; //手动自动控制位
  16          
  17          void main()
  18          {
  19   1        motor=0;  //电机初始化关闭
  20   1        timer0_init();  //定时器0初始化
  21   1        lcd1602_init(); //lcd1602初始化
  22   1        lcd1602_clear();  //lcd1602清屏
  23   1        
  24   1        sprintf(lower,"%.2f",low);  //高低水位转字符串
  25   1        sprintf(higher,"%.2f",high);
  26   1        
  27   1        lcd1602_show_string(0,0,"LEVEL:");  //lcd1602显示水位
  28   1        
  29   1        lcd1602_show_string(0,1,"L:");
  30   1        lcd1602_show_string(2,1,lower);
  31   1        lcd1602_show_string(6,1,"m");
  32   1        
  33   1        lcd1602_show_string(8,1,"H:");
  34   1        lcd1602_show_string(10,1,higher);
  35   1        lcd1602_show_string(14,1,"m");
  36   1        ultrasonic_init(); //超声波模块初始化
  37   1        
  38   1        /*抽水控制*/
  39   1        while(1)
  40   1        {
  41   2        
  42   2          dis=GetDistance(); //上电后先测第一次
  43   2          sprintf(distan,"%.2f",dis); //格式化字符串
  44   2          lcd1602_show_string(9,0,distan);
  45   2          lcd1602_show_string(13,0,"m");
  46   2          
  47   2          if(mode==0) //手动
  48   2          {
  49   3            LCD1602_Clear_2LINE();
  50   3            lcd1602_show_string(1,1,"MANUAL CONTROL");
  51   3            while(mode==0)
  52   3            {
  53   4              if(key_scan(1)==3)
  54   4              {
C51 COMPILER V9.60.7.0   MAIN                                                              06/15/2025 09:32:44 PAGE 2   

  55   5                motor=1;
  56   5            
  57   5              }
  58   4              if(key_scan(1)==4)
  59   4              {
  60   5                motor=0;
  61   5              }
  62   4              dis=GetDistance(); //循环测量水位
  63   4              sprintf(distan,"%.2f",dis); //格式化字符串
  64   4              lcd1602_show_string(9,0,distan);
  65   4              lcd1602_show_string(13,0,"m");
  66   4              TH0=0,TL0=0;  //清空定时器
  67   4              delay_ms(80); //间隔一段时间后再次测量
  68   4              
  69   4            }
  70   3            motor=0;
  71   3            LCD1602_Clear_2LINE();
  72   3          }
  73   2          else //自动
  74   2          {
  75   3            
  76   3            lcd1602_show_string(0,1,"L:");
  77   3            lcd1602_show_string(2,1,lower);
  78   3            lcd1602_show_string(6,1,"m");
  79   3        
  80   3            lcd1602_show_string(8,1,"H:");
  81   3            lcd1602_show_string(10,1,higher);
  82   3            lcd1602_show_string(14,1,"m");
  83   3            if(dis<low) //水位判断，是否缺水
  84   3            {
  85   4            
  86   4              motor=1; //缺水开电机
  87   4              while(1)
  88   4              {
  89   5                dis=GetDistance(); //抽水过程中测量水位
  90   5                if(mode==0) //手动结束
  91   5                {
  92   6                  motor=0;
  93   6                  break;
  94   6                }
  95   5                if(dis>high)  //水位达到关闭电机，跳出循环
  96   5                {
  97   6                  motor=0;
  98   6                  break;            
  99   6                }
 100   5                
 101   5                sprintf(distan,"%.2f",dis); //显示水位值
 102   5                lcd1602_show_string(9,0,distan);
 103   5                lcd1602_show_string(13,0,"m");
 104   5                TH0=0,TL0=0;
 105   5                delay_ms(80);       
 106   5              }
 107   4            }         
 108   3          }
 109   2          TH0=0,TL0=0;  //清空定时器
 110   2          delay_ms(80); //间隔一段时间后再次测量    
 111   2        }
 112   1      
 113   1      }


MODULE INFORMATION:   STATIC OVERLAYABLE
C51 COMPILER V9.60.7.0   MAIN                                                              06/15/2025 09:32:44 PAGE 3   

   CODE SIZE        =    582    ----
   CONSTANT SIZE    =     35    ----
   XDATA SIZE       =   ----    ----
   PDATA SIZE       =   ----    ----
   DATA SIZE        =     37    ----
   IDATA SIZE       =   ----    ----
   BIT SIZE         =   ----    ----
END OF MODULE INFORMATION.


C51 COMPILATION COMPLETE.  0 WARNING(S),  0 ERROR(S)
