C51 COMPILER V9.60.7.0   ULTRASONIC                                                        06/15/2025 09:32:44 PAGE 1   


C51 COMPILER V9.60.7.0, COMPILATION OF MODULE ULTRASONIC
OBJECT MODULE PLACED IN .\Objects\Ultrasonic.obj
COMPILER INVOKED BY: D:\ProgramData\keil_v5\C51\BIN\C51.EXE Ultrasonic.c OPTIMIZE(8,SPEED) BROWSE DEBUG OBJECTEXTEND PRI
                    -NT(.\Listings\Ultrasonic.lst) TABS(2) OBJECT(.\Objects\Ultrasonic.obj)

line level    source

   1          #include "Ultrasonic.h"
   2          #include <intrins.h>
   3          
   4          void timer0_init()  //定时器0初始化
   5          {
   6   1        TMOD=0x01; //定时器0工作方式1
   7   1        TH0=0;
   8   1        TL0=0;
   9   1        EA=0; //关闭总中断
  10   1        ET0=0;
  11   1        TR0=0;  //关闭定时器
  12   1        TF0=0;
  13   1      }
  14          void Delay20us(void)  //@12.000MHz，20us延迟函数
  15          {
  16   1        unsigned char data i;
  17   1      
  18   1        _nop_();
  19   1        i = 7;
  20   1        while (--i);
  21   1      }
  22          
  23          void ultrasonic_init() //超声波初始化
  24          {
  25   1        
  26   1        Trig=0;
  27   1        Echo=1;
  28   1        timer0_init();
  29   1        
  30   1      }
  31          
  32          float GetDistance()
  33          {
  34   1        float ss;         // 用于记录测得的距离
  35   1        float correctionFactor = 1.02/1.005;  // 校准系数，根据实验调整。1.02表示测量值整体稍微增加2%
  36   1        Trig=1;       // 给超声波模块一个开始脉冲
  37   1        Delay20us(); //延迟20us
  38   1        Trig=0; //拉低
  39   1        while(Echo==0); // 等待超声波模块的返回脉冲，接收到返回脉冲为高电平
  40   1        TH0=0x00; //定时器0清零
  41   1        TL0=0x00;
  42   1        TR0=1;            // 启动定时器，开始计时
  43   1        while(Echo==1);   // 等待超声波模块的返回脉冲结束，返回脉冲结束为低电平
  44   1        TR0=0;            // 停止定时器，停止计时
  45   1        //返回测量值，单位为米
  46   1        ss=(((TH0*256+TL0)*0.00034)/2);   // 1.距离cm=（时间us * 速度cm/us）/2，2.真空中声速340m/s.3. 
  47   1        return ss*correctionFactor; //测量值乘上校准系数  
  48   1      }
  49          
  50          


MODULE INFORMATION:   STATIC OVERLAYABLE
   CODE SIZE        =    129    ----
C51 COMPILER V9.60.7.0   ULTRASONIC                                                        06/15/2025 09:32:44 PAGE 2   

   CONSTANT SIZE    =   ----    ----
   XDATA SIZE       =   ----    ----
   PDATA SIZE       =   ----    ----
   DATA SIZE        =   ----       8
   IDATA SIZE       =   ----    ----
   BIT SIZE         =   ----    ----
END OF MODULE INFORMATION.


C51 COMPILATION COMPLETE.  0 WARNING(S),  0 ERROR(S)
